#
# There is insufficient memory for the Java Runtime Environment to continue.
# Native memory allocation (mmap) failed to map 132120576 bytes. Error detail: G1 virtual space
# Possible reasons:
#   The system is out of physical RAM or swap space
#   This process is running with CompressedOops enabled, and the Java Heap may be blocking the growth of the native heap
# Possible solutions:
#   Reduce memory load on the system
#   Increase physical memory or swap space
#   Check if swap backing store is full
#   Decrease Java heap size (-Xmx/-Xms)
#   Decrease number of Java threads
#   Decrease Java thread stack sizes (-Xss)
#   Set larger code cache with -XX:ReservedCodeCacheSize=
#   JVM is running with Unscaled Compressed Oops mode in which the Java heap is
#     placed in the first 4GB address space. The Java Heap base address is the
#     maximum limit for the native heap growth. Please use -XX:HeapBaseMinAddress
#     to set the Java Heap base and to place the Java Heap above 4GB virtual address.
# This output file may be truncated or incomplete.
#
#  Out of Memory Error (os_windows.cpp:3631), pid=76660, tid=74328
#
# JRE version:  (22.0.2+9) (build )
# Java VM: OpenJDK 64-Bit Server VM (22.0.2+9, mixed mode, sharing, tiered, compressed oops, compressed class ptrs, g1 gc, windows-amd64)
# No core dump will be written. Minidumps are not enabled by default on client versions of Windows
#

---------------  S U M M A R Y ------------

Command Line: -Dfile.encoding=UTF-8 -Dstdout.encoding=UTF-8 -Dstderr.encoding=UTF-8 -XX:+ShowCodeDetailsInExceptionMessages masterMind2.Matecodebreaker02

Host: Intel(R) Pentium(R) Silver N5030 CPU @ 1.10GHz, 4 cores, 7G,  Windows 11 , 64 bit Build 22621 (10.0.22621.4391)
Time: Wed Dec 11 11:46:16 2024 West-Europa (standaardtijd) elapsed time: 0.033559 seconds (0d 0h 0m 0s)

---------------  T H R E A D  ---------------

Current thread (0x0000018e4170f820):  JavaThread "Unknown thread" [_thread_in_vm, id=74328, stack(0x0000003f4aa00000,0x0000003f4ab00000) (1024K)]

Stack: [0x0000003f4aa00000,0x0000003f4ab00000]
Native frames: (J=compiled Java code, j=interpreted, Vv=VM code, C=native code)
V  [jvm.dll+0x6ea6a9]  (no source info available)
V  [jvm.dll+0x8cdbf3]  (no source info available)
V  [jvm.dll+0x8d001e]  (no source info available)
V  [jvm.dll+0x8d06f3]  (no source info available)
V  [jvm.dll+0x286dc6]  (no source info available)
V  [jvm.dll+0x6e6d35]  (no source info available)
V  [jvm.dll+0x6db9ba]  (no source info available)
V  [jvm.dll+0x36037a]  (no source info available)
V  [jvm.dll+0x368846]  (no source info available)
V  [jvm.dll+0x3ba7be]  (no source info available)
V  [jvm.dll+0x3baa68]  (no source info available)
V  [jvm.dll+0x333d1c]  (no source info available)
V  [jvm.dll+0x334988]  (no source info available)
V  [jvm.dll+0x895adc]  (no source info available)
V  [jvm.dll+0x3c78a1]  (no source info available)
V  [jvm.dll+0x87e75c]  (no source info available)
V  [jvm.dll+0x4612ae]  (no source info available)
V  [jvm.dll+0x4630c1]  (no source info available)
C  [jli.dll+0x5278]  (no source info available)
C  [ucrtbase.dll+0x29333]  (no source info available)
C  [KERNEL32.DLL+0x1259d]  (no source info available)
C  [ntdll.dll+0x5af38]  (no source info available)


---------------  P R O C E S S  ---------------

Threads class SMR info:
_java_thread_list=0x00007ffae4e1d688, length=0, elements={
}

Java Threads: ( => current thread )
Total: 0

Other Threads:
  0x0000018e43981ff0 WorkerThread "GC Thread#0"                     [id=37476, stack(0x0000003f4ab00000,0x0000003f4ac00000) (1024K)]
  0x0000018e439d3010 ConcurrentGCThread "G1 Main Marker"            [id=48488, stack(0x0000003f4ac00000,0x0000003f4ad00000) (1024K)]
  0x0000018e439d3b20 WorkerThread "G1 Conc#0"                       [id=46752, stack(0x0000003f4ad00000,0x0000003f4ae00000) (1024K)]

[error occurred during error reporting (printing all threads), id 0xc0000005, EXCEPTION_ACCESS_VIOLATION (0xc0000005) at pc=0x00007ffae4506cd7]
VM state: not at safepoint (not fully initialized)

VM Mutex/Monitor currently owned by a thread:  ([mutex/lock_event])
[0x00007ffae4ea1080] Heap_lock - owner thread: 0x0000018e4170f820

Heap address: 0x0000000082c00000, size: 2004 MB, Compressed Oops mode: 32-bit

CDS archive(s) mapped at: [0x0000000000000000-0x0000000000000000-0x0000000000000000), size 0, SharedBaseAddress: 0x0000000800000000, ArchiveRelocationMode: 1.
Narrow klass base: 0x0000000000000000, Narrow klass shift: 0, Narrow klass range: 0x0

GC Precious Log:
 CardTable entry size: 512
 Card Set container configuration: InlinePtr #cards 5 size 8 Array Of Cards #cards 12 size 40 Howl #buckets 4 coarsen threshold 1843 Howl Bitmap #cards 512 size 80 coarsen threshold 460 Card regions per heap region 1 cards per card region 2048

Heap:
 garbage-first heap   total reserved 2052096K, committed 0K, used 0K [0x0000000082c00000, 0x0000000100000000)
  region size 1024K, 0 young (0K), 0 survivors (0K)

[error occurred during error reporting (printing heap information), id 0xc0000005, EXCEPTION_ACCESS_VIOLATION (0xc0000005) at pc=0x00007ffae4907269]
GC Heap History (0 events):
No events

Dll operation events (1 events):
Event: 0.019 Loaded shared library C:\Users\Maté Samniashvili\.p2\pool\plugins\org.eclipse.justj.openjdk.hotspot.jre.full.win32.x86_64_22.0.2.v20240802-1626\jre\bin\java.dll

Deoptimization events (0 events):
No events

Classes loaded (0 events):
No events

Classes unloaded (0 events):
No events

Classes redefined (0 events):
No events

Internal exceptions (0 events):
No events

ZGC Phase Switch (0 events):
No events

VM Operations (0 events):
No events

Memory protections (0 events):
No events

Nmethod flushes (0 events):
No events

Events (0 events):
No events


Dynamic libraries:
0x00007ff7f9670000 - 0x00007ff7f967e000 	C:\Users\Maté Samniashvili\.p2\pool\plugins\org.eclipse.justj.openjdk.hotspot.jre.full.win32.x86_64_22.0.2.v20240802-1626\jre\bin\javaw.exe
0x00007ffb572b0000 - 0x00007ffb574c7000 	C:\WINDOWS\SYSTEM32\ntdll.dll
0x00007ffb55e80000 - 0x00007ffb55f44000 	C:\WINDOWS\System32\KERNEL32.DLL
0x00007ffb547a0000 - 0x00007ffb54b5a000 	C:\WINDOWS\System32\KERNELBASE.dll
0x00007ffb54ea0000 - 0x00007ffb54fb1000 	C:\WINDOWS\System32\ucrtbase.dll
0x00007ffb43640000 - 0x00007ffb43657000 	C:\Users\Maté Samniashvili\.p2\pool\plugins\org.eclipse.justj.openjdk.hotspot.jre.full.win32.x86_64_22.0.2.v20240802-1626\jre\bin\jli.dll
0x00007ffb55f50000 - 0x00007ffb560fe000 	C:\WINDOWS\System32\USER32.dll
0x00007ffb54590000 - 0x00007ffb545b6000 	C:\WINDOWS\System32\win32u.dll
0x00007ffb56d30000 - 0x00007ffb56d59000 	C:\WINDOWS\System32\GDI32.dll
0x00007ffb54c10000 - 0x00007ffb54d2b000 	C:\WINDOWS\System32\gdi32full.dll
0x00007ffb54680000 - 0x00007ffb5471a000 	C:\WINDOWS\System32\msvcp_win.dll
0x00007ffb43880000 - 0x00007ffb4389b000 	C:\Users\Maté Samniashvili\.p2\pool\plugins\org.eclipse.justj.openjdk.hotspot.jre.full.win32.x86_64_22.0.2.v20240802-1626\jre\bin\VCRUNTIME140.dll
0x00007ffb3ad00000 - 0x00007ffb3af92000 	C:\WINDOWS\WinSxS\amd64_microsoft.windows.common-controls_6595b64144ccf1df_6.0.22621.4541_none_2710d1c57384c085\COMCTL32.dll
0x00007ffb571c0000 - 0x00007ffb57267000 	C:\WINDOWS\System32\msvcrt.dll
0x00007ffb56100000 - 0x00007ffb56131000 	C:\WINDOWS\System32\IMM32.DLL
0x00007ffb440a0000 - 0x00007ffb440ac000 	C:\Users\Maté Samniashvili\.p2\pool\plugins\org.eclipse.justj.openjdk.hotspot.jre.full.win32.x86_64_22.0.2.v20240802-1626\jre\bin\vcruntime140_1.dll
0x00007ffb0f360000 - 0x00007ffb0f3ee000 	C:\Users\Maté Samniashvili\.p2\pool\plugins\org.eclipse.justj.openjdk.hotspot.jre.full.win32.x86_64_22.0.2.v20240802-1626\jre\bin\msvcp140.dll
0x00007ffae41c0000 - 0x00007ffae4f83000 	C:\Users\Maté Samniashvili\.p2\pool\plugins\org.eclipse.justj.openjdk.hotspot.jre.full.win32.x86_64_22.0.2.v20240802-1626\jre\bin\server\jvm.dll
0x00007ffb554c0000 - 0x00007ffb55572000 	C:\WINDOWS\System32\ADVAPI32.dll
0x00007ffb55b60000 - 0x00007ffb55c07000 	C:\WINDOWS\System32\sechost.dll
0x00007ffb54be0000 - 0x00007ffb54c08000 	C:\WINDOWS\System32\bcrypt.dll
0x00007ffb556b0000 - 0x00007ffb557c4000 	C:\WINDOWS\System32\RPCRT4.dll
0x00007ffb55d90000 - 0x00007ffb55e01000 	C:\WINDOWS\System32\WS2_32.dll
0x00007ffb54460000 - 0x00007ffb544ad000 	C:\WINDOWS\SYSTEM32\POWRPROF.dll
0x00007ffb44ce0000 - 0x00007ffb44d14000 	C:\WINDOWS\SYSTEM32\WINMM.dll
0x00007ffb531e0000 - 0x00007ffb531ea000 	C:\WINDOWS\SYSTEM32\VERSION.dll
0x00007ffb54390000 - 0x00007ffb543a3000 	C:\WINDOWS\SYSTEM32\UMPDC.dll
0x00007ffb53590000 - 0x00007ffb535a8000 	C:\WINDOWS\SYSTEM32\kernel.appcore.dll
0x00007ffb43770000 - 0x00007ffb4377a000 	C:\Users\Maté Samniashvili\.p2\pool\plugins\org.eclipse.justj.openjdk.hotspot.jre.full.win32.x86_64_22.0.2.v20240802-1626\jre\bin\jimage.dll
0x00007ffb51d80000 - 0x00007ffb51fb2000 	C:\WINDOWS\SYSTEM32\DBGHELP.DLL
0x00007ffb557d0000 - 0x00007ffb55b5f000 	C:\WINDOWS\System32\combase.dll
0x00007ffb56d60000 - 0x00007ffb56e37000 	C:\WINDOWS\System32\OLEAUT32.dll
0x00007ffb30260000 - 0x00007ffb30292000 	C:\WINDOWS\SYSTEM32\dbgcore.DLL
0x00007ffb54720000 - 0x00007ffb5479b000 	C:\WINDOWS\System32\bcryptPrimitives.dll
0x00007ffb40990000 - 0x00007ffb409ae000 	C:\Users\Maté Samniashvili\.p2\pool\plugins\org.eclipse.justj.openjdk.hotspot.jre.full.win32.x86_64_22.0.2.v20240802-1626\jre\bin\java.dll
0x00007ffb562f0000 - 0x00007ffb56b68000 	C:\WINDOWS\System32\SHELL32.dll
0x00007ffb56140000 - 0x00007ffb562e5000 	C:\WINDOWS\System32\ole32.dll

dbghelp: loaded successfully - version: 4.0.5 - missing functions: none
symbol engine: initialized successfully - sym options: 0x614 - pdb path: .;C:\Users\Maté Samniashvili\.p2\pool\plugins\org.eclipse.justj.openjdk.hotspot.jre.full.win32.x86_64_22.0.2.v20240802-1626\jre\bin;C:\WINDOWS\SYSTEM32;C:\WINDOWS\WinSxS\amd64_microsoft.windows.common-controls_6595b64144ccf1df_6.0.22621.4541_none_2710d1c57384c085;C:\Users\Maté Samniashvili\.p2\pool\plugins\org.eclipse.justj.openjdk.hotspot.jre.full.win32.x86_64_22.0.2.v20240802-1626\jre\bin\server

VM Arguments:
jvm_args: -Dfile.encoding=UTF-8 -Dstdout.encoding=UTF-8 -Dstderr.encoding=UTF-8 -XX:+ShowCodeDetailsInExceptionMessages 
java_command: masterMind2.Matecodebreaker02
java_class_path (initial): C:\Users\Maté Samniashvili\OneDrive - Ons Middelbaar Onderwijs\Documenten\GitHub\desktop-tutorial\MasterCoderKing\MaterMind2.0\bin
Launcher Type: SUN_STANDARD

[Global flags]
     intx CICompilerCount                          = 3                                         {product} {ergonomic}
     uint ConcGCThreads                            = 1                                         {product} {ergonomic}
     uint G1ConcRefinementThreads                  = 4                                         {product} {ergonomic}
   size_t G1HeapRegionSize                         = 1048576                                   {product} {ergonomic}
   size_t InitialHeapSize                          = 132120576                                 {product} {ergonomic}
   size_t MarkStackSize                            = 4194304                                   {product} {ergonomic}
   size_t MaxHeapSize                              = 2101346304                                {product} {ergonomic}
   size_t MinHeapDeltaBytes                        = 1048576                                   {product} {ergonomic}
   size_t MinHeapSize                              = 8388608                                   {product} {ergonomic}
    uintx NonNMethodCodeHeapSize                   = 5832780                                {pd product} {ergonomic}
    uintx NonProfiledCodeHeapSize                  = 122912730                              {pd product} {ergonomic}
    uintx ProfiledCodeHeapSize                     = 122912730                              {pd product} {ergonomic}
    uintx ReservedCodeCacheSize                    = 251658240                              {pd product} {ergonomic}
     bool SegmentedCodeCache                       = true                                      {product} {ergonomic}
     bool ShowCodeDetailsInExceptionMessages       = true                                   {manageable} {command line}
   size_t SoftMaxHeapSize                          = 2101346304                             {manageable} {ergonomic}
     bool UseCompressedOops                        = true                           {product lp64_product} {ergonomic}
     bool UseG1GC                                  = true                                      {product} {ergonomic}
     bool UseLargePagesIndividualAllocation        = false                                  {pd product} {ergonomic}

Logging:
Log output configuration:
 #0: stdout all=warning uptime,level,tags foldmultilines=false
 #1: stderr all=off uptime,level,tags foldmultilines=false

Environment Variables:
PATH=C:/Users/Maté Samniashvili/.p2/pool/plugins/org.eclipse.justj.openjdk.hotspot.jre.full.win32.x86_64_22.0.2.v20240802-1626/jre/bin/server;C:/Users/Maté Samniashvili/.p2/pool/plugins/org.eclipse.justj.openjdk.hotspot.jre.full.win32.x86_64_22.0.2.v20240802-1626/jre/bin;C:\WINDOWS\system32;C:\WINDOWS;C:\WINDOWS\System32\Wbem;C:\WINDOWS\System32\WindowsPowerShell\v1.0\;C:\WINDOWS\System32\OpenSSH\;C:\Program Files (x86)\dotnet\;C:\Program Files\dotnet\;C:\Users\Maté Samniashvili\AppData\Local\Microsoft\WindowsApps;C:\Microsoft VS Code\bin;C:\Users\Maté Samniashvili\AppData\Local\GitHubDesktop\bin;C:\WINDOWS\system32;
USERNAME=Maté Samniashvili
OS=Windows_NT
PROCESSOR_IDENTIFIER=Intel64 Family 6 Model 122 Stepping 8, GenuineIntel
TMP=C:\Users\MATSAM~1\AppData\Local\Temp
TEMP=C:\Users\MATSAM~1\AppData\Local\Temp




Periodic native trim disabled

---------------  S Y S T E M  ---------------

OS:
 Windows 11 , 64 bit Build 22621 (10.0.22621.4391)
OS uptime: 3 days 12:53 hours
Hyper-V role detected

CPU: total 4 (initial active 4) (4 cores per cpu, 1 threads per core) family 6 model 122 stepping 8 microcode 0x22, cx8, cmov, fxsr, mmx, 3dnowpref, sse, sse2, sse3, ssse3, sse4.1, sse4.2, popcnt, tsc, tscinvbit, aes, erms, clmul, sha, clflush, clflushopt, hv, rdtscp, rdpid
Processor Information for all 4 processors :
  Max Mhz: 1501, Current Mhz: 1501, Mhz Limit: 1501

Memory: 4k page, system-wide physical 8012M (1278M free)
TotalPageFile size 11825M (AvailPageFile size 9M)
current process WorkingSet (physical memory assigned to process): 12M, peak: 12M
current process commit charge ("private bytes"): 52M, peak: 178M

vm_info: OpenJDK 64-Bit Server VM (22.0.2+9) for windows-amd64 JRE (22.0.2+9), built on 2024-07-16T00:00:00Z by "admin" with MS VC++ 17.7 (VS2022)

END.
